# JRE version: OpenJDK Runtime Environment Temurin-21.0.10+7 (21.0.10+7) (build 21.0.10+7-LTS)
# Java VM: OpenJDK 64-Bit Server VM Temurin-21.0.10+7 (21.0.10+7-LTS, mixed mode, sharing, tiered, compressed oops, compressed class ptrs, parallel gc, windows-aarch64)
GC Precious Log:
 CardTable entry size: 512
 CPUs: 12 total, 12 available
 Memory: 15973M
 Large Page Support: Disabled
 NUMA Support: Disabled
 Compressed Oops: Enabled (32-bit)
 Alignments: Space 512K, Generation 512K, Heap 2M
 Heap Min Capacity: 100M
 Heap Initial Capacity: 100M
 Heap Max Capacity: 2G
 Pre-touch: Disabled
 Parallel Workers: 10
Heap:
 PSYoungGen      total 3584K, used 809K [0x00000000d5580000, 0x00000000d5a00000, 0x0000000100000000)
  eden space 3072K, 17% used [0x00000000d5580000,0x00000000d5606608,0x00000000d5880000)
  from space 512K, 53% used [0x00000000d5900000,0x00000000d5944010,0x00000000d5980000)
  to   space 512K, 0% used [0x00000000d5980000,0x00000000d5980000,0x00000000d5a00000)
 ParOldGen       total 1245184K, used 998404K [0x0000000080000000, 0x00000000cc000000, 0x00000000d5580000)
  object space 1245184K, 80% used [0x0000000080000000,0x00000000bcf01248,0x00000000cc000000)
 Metaspace       used 88957K, committed 90752K, reserved 1179648K
  class space    used 11032K, committed 11840K, reserved 1048576K
GC Heap History (20 events):
Event: 251.621 GC heap before
{Heap before GC invocations=2590 (full 4):
 PSYoungGen      total 2560K, used 2496K [0x00000000d5580000, 0x00000000d5a00000, 0x0000000100000000)
  eden space 2048K, 100% used [0x00000000d5580000,0x00000000d5780000,0x00000000d5780000)
  from space 512K, 87% used [0x00000000d5900000,0x00000000d5970000,0x00000000d5980000)
  to   space 512K, 0% used [0x00000000d5980000,0x00000000d5980000,0x00000000d5a00000)
 ParOldGen       total 1245184K, used 995947K [0x0000000080000000, 0x00000000cc000000, 0x00000000d5580000)
  object space 1245184K, 79% used [0x0000000080000000,0x00000000bcc9ace8,0x00000000cc000000)
 Metaspace       used 88885K, committed 90688K, reserved 1179648K
  class space    used 11031K, committed 11840K, reserved 1048576K
}
Event: 251.622 GC heap after
{Heap after GC invocations=2590 (full 4):
 PSYoungGen      total 2560K, used 320K [0x00000000d5580000, 0x00000000d5a00000, 0x0000000100000000)
  eden space 2048K, 0% used [0x00000000d5580000,0x00000000d5580000,0x00000000d5780000)
  from space 512K, 62% used [0x00000000d5980000,0x00000000d59d0000,0x00000000d5a00000)
  to   space 512K, 0% used [0x00000000d5900000,0x00000000d5900000,0x00000000d5980000)
 ParOldGen       total 1245184K, used 996043K [0x0000000080000000, 0x00000000cc000000, 0x00000000d5580000)
  object space 1245184K, 79% used [0x0000000080000000,0x00000000bccb2ce8,0x00000000cc000000)
 Metaspace       used 88885K, committed 90688K, reserved 1179648K
  class space    used 11031K, committed 11840K, reserved 1048576K
}
Event: 251.623 GC heap before
{Heap before GC invocations=2591 (full 4):
 PSYoungGen      total 2560K, used 2367K [0x00000000d5580000, 0x00000000d5a00000, 0x0000000100000000)
  eden space 2048K, 99% used [0x00000000d5580000,0x00000000d577ffe8,0x00000000d5780000)
  from space 512K, 62% used [0x00000000d5980000,0x00000000d59d0000,0x00000000d5a00000)
  to   space 512K, 0% used [0x00000000d5900000,0x00000000d5900000,0x00000000d5980000)
 ParOldGen       total 1245184K, used 996043K [0x0000000080000000, 0x00000000cc000000, 0x00000000d5580000)
  object space 1245184K, 79% used [0x0000000080000000,0x00000000bccb2ce8,0x00000000cc000000)
 Metaspace       used 88885K, committed 90688K, reserved 1179648K
  class space    used 11031K, committed 11840K, reserved 1048576K
}
Event: 251.624 GC heap after
{Heap after GC invocations=2591 (full 4):
 PSYoungGen      total 2560K, used 480K [0x00000000d5580000, 0x00000000d5a00000, 0x0000000100000000)
  eden space 2048K, 0% used [0x00000000d5580000,0x00000000d5580000,0x00000000d5780000)
  from space 512K, 93% used [0x00000000d5900000,0x00000000d5978000,0x00000000d5980000)
  to   space 512K, 0% used [0x00000000d5980000,0x00000000d5980000,0x00000000d5a00000)
 ParOldGen       total 1245184K, used 996155K [0x0000000080000000, 0x00000000cc000000, 0x00000000d5580000)
  object space 1245184K, 80% used [0x0000000080000000,0x00000000bcccece8,0x00000000cc000000)
 Metaspace       used 88885K, committed 90688K, reserved 1179648K
  class space    used 11031K, committed 11840K, reserved 1048576K
}
Event: 251.626 GC heap before
{Heap before GC invocations=2592 (full 4):
 PSYoungGen      total 2560K, used 2185K [0x00000000d5580000, 0x00000000d5a00000, 0x0000000100000000)
  eden space 2048K, 83% used [0x00000000d5580000,0x00000000d572a7f8,0x00000000d5780000)
  from space 512K, 93% used [0x00000000d5900000,0x00000000d5978000,0x00000000d5980000)
  to   space 512K, 0% used [0x00000000d5980000,0x00000000d5980000,0x00000000d5a00000)
 ParOldGen       total 1245184K, used 996155K [0x0000000080000000, 0x00000000cc000000, 0x00000000d5580000)
  object space 1245184K, 80% used [0x0000000080000000,0x00000000bcccece8,0x00000000cc000000)
 Metaspace       used 88885K, committed 90688K, reserved 1179648K
  class space    used 11031K, committed 11840K, reserved 1048576K
}
Event: 251.627 GC heap after
{Heap after GC invocations=2592 (full 4):
 PSYoungGen      total 3072K, used 448K [0x00000000d5580000, 0x00000000d5a00000, 0x0000000100000000)
  eden space 2560K, 0% used [0x00000000d5580000,0x00000000d5580000,0x00000000d5800000)
  from space 512K, 87% used [0x00000000d5980000,0x00000000d59f0000,0x00000000d5a00000)
  to   space 512K, 0% used [0x00000000d5900000,0x00000000d5900000,0x00000000d5980000)
 ParOldGen       total 1245184K, used 996555K [0x0000000080000000, 0x00000000cc000000, 0x00000000d5580000)
  object space 1245184K, 80% used [0x0000000080000000,0x00000000bcd32ce8,0x00000000cc000000)
 Metaspace       used 88885K, committed 90688K, reserved 1179648K
  class space    used 11031K, committed 11840K, reserved 1048576K
}
Event: 251.734 GC heap before
{Heap before GC invocations=2593 (full 4):
 PSYoungGen      total 3072K, used 3007K [0x00000000d5580000, 0x00000000d5a00000, 0x0000000100000000)
  eden space 2560K, 99% used [0x00000000d5580000,0x00000000d57ffff8,0x00000000d5800000)
  from space 512K, 87% used [0x00000000d5980000,0x00000000d59f0000,0x00000000d5a00000)
  to   space 512K, 0% used [0x00000000d5900000,0x00000000d5900000,0x00000000d5980000)
 ParOldGen       total 1245184K, used 996555K [0x0000000080000000, 0x00000000cc000000, 0x00000000d5580000)
  object space 1245184K, 80% used [0x0000000080000000,0x00000000bcd32ce8,0x00000000cc000000)
 Metaspace       used 88896K, committed 90688K, reserved 1179648K
  class space    used 11031K, committed 11840K, reserved 1048576K
}
Event: 251.736 GC heap after
{Heap after GC invocations=2593 (full 4):
 PSYoungGen      total 3072K, used 256K [0x00000000d5580000, 0x00000000d5a00000, 0x0000000100000000)
  eden space 2560K, 0% used [0x00000000d5580000,0x00000000d5580000,0x00000000d5800000)
  from space 512K, 50% used [0x00000000d5900000,0x00000000d5940000,0x00000000d5980000)
  to   space 512K, 0% used [0x00000000d5980000,0x00000000d5980000,0x00000000d5a00000)
 ParOldGen       total 1245184K, used 997680K [0x0000000080000000, 0x00000000cc000000, 0x00000000d5580000)
  object space 1245184K, 80% used [0x0000000080000000,0x00000000bce4c1f8,0x00000000cc000000)
 Metaspace       used 88896K, committed 90688K, reserved 1179648K
  class space    used 11031K, committed 11840K, reserved 1048576K
}
Event: 251.742 GC heap before
{Heap before GC invocations=2594 (full 4):
 PSYoungGen      total 3072K, used 2816K [0x00000000d5580000, 0x00000000d5a00000, 0x0000000100000000)
  eden space 2560K, 100% used [0x00000000d5580000,0x00000000d5800000,0x00000000d5800000)
  from space 512K, 50% used [0x00000000d5900000,0x00000000d5940000,0x00000000d5980000)
  to   space 512K, 0% used [0x00000000d5980000,0x00000000d5980000,0x00000000d5a00000)
 ParOldGen       total 1245184K, used 997680K [0x0000000080000000, 0x00000000cc000000, 0x00000000d5580000)
  object space 1245184K, 80% used [0x0000000080000000,0x00000000bce4c1f8,0x00000000cc000000)
 Metaspace       used 88904K, committed 90688K, reserved 1179648K
  class space    used 11031K, committed 11840K, reserved 1048576K
}
Event: 251.743 GC heap after
{Heap after GC invocations=2594 (full 4):
 PSYoungGen      total 3584K, used 480K [0x00000000d5580000, 0x00000000d5a80000, 0x0000000100000000)
  eden space 3072K, 0% used [0x00000000d5580000,0x00000000d5580000,0x00000000d5880000)
  from space 512K, 93% used [0x00000000d5980000,0x00000000d59f8020,0x00000000d5a00000)
  to   space 1024K, 0% used [0x00000000d5880000,0x00000000d5880000,0x00000000d5980000)
 ParOldGen       total 1245184K, used 997820K [0x0000000080000000, 0x00000000cc000000, 0x00000000d5580000)
  object space 1245184K, 80% used [0x0000000080000000,0x00000000bce6f228,0x00000000cc000000)
 Metaspace       used 88904K, committed 90688K, reserved 1179648K
  class space    used 11031K, committed 11840K, reserved 1048576K
}
Event: 251.928 GC heap before
{Heap before GC invocations=2595 (full 4):
 PSYoungGen      total 3584K, used 3552K [0x00000000d5580000, 0x00000000d5a80000, 0x0000000100000000)
  eden space 3072K, 100% used [0x00000000d5580000,0x00000000d5880000,0x00000000d5880000)
  from space 512K, 93% used [0x00000000d5980000,0x00000000d59f8020,0x00000000d5a00000)
  to   space 1024K, 0% used [0x00000000d5880000,0x00000000d5880000,0x00000000d5980000)
 ParOldGen       total 1245184K, used 997820K [0x0000000080000000, 0x00000000cc000000, 0x00000000d5580000)
  object space 1245184K, 80% used [0x0000000080000000,0x00000000bce6f228,0x00000000cc000000)
 Metaspace       used 88920K, committed 90688K, reserved 1179648K
  class space    used 11031K, committed 11840K, reserved 1048576K
}
Event: 251.930 GC heap after
{Heap after GC invocations=2595 (full 4):
 PSYoungGen      total 4096K, used 256K [0x00000000d5580000, 0x00000000d5a00000, 0x0000000100000000)
  eden space 3072K, 0% used [0x00000000d5580000,0x00000000d5580000,0x00000000d5880000)
  from space 1024K, 25% used [0x00000000d5880000,0x00000000d58c0000,0x00000000d5980000)
  to   space 512K, 0% used [0x00000000d5980000,0x00000000d5980000,0x00000000d5a00000)
 ParOldGen       total 1245184K, used 998164K [0x0000000080000000, 0x00000000cc000000, 0x00000000d5580000)
  object space 1245184K, 80% used [0x0000000080000000,0x00000000bcec5248,0x00000000cc000000)
 Metaspace       used 88920K, committed 90688K, reserved 1179648K
  class space    used 11031K, committed 11840K, reserved 1048576K
}
Event: 259.417 GC heap before
{Heap before GC invocations=2596 (full 4):
 PSYoungGen      total 4096K, used 3328K [0x00000000d5580000, 0x00000000d5a00000, 0x0000000100000000)
  eden space 3072K, 100% used [0x00000000d5580000,0x00000000d5880000,0x00000000d5880000)
  from space 1024K, 25% used [0x00000000d5880000,0x00000000d58c0000,0x00000000d5980000)
  to   space 512K, 0% used [0x00000000d5980000,0x00000000d5980000,0x00000000d5a00000)
 ParOldGen       total 1245184K, used 998164K [0x0000000080000000, 0x00000000cc000000, 0x00000000d5580000)
  object space 1245184K, 80% used [0x0000000080000000,0x00000000bcec5248,0x00000000cc000000)
 Metaspace       used 88927K, committed 90752K, reserved 1179648K
  class space    used 11031K, committed 11840K, reserved 1048576K
}
Event: 259.419 GC heap after
{Heap after GC invocations=2596 (full 4):
 PSYoungGen      total 3584K, used 384K [0x00000000d5580000, 0x00000000d5a00000, 0x0000000100000000)
  eden space 3072K, 0% used [0x00000000d5580000,0x00000000d5580000,0x00000000d5880000)
  from space 512K, 75% used [0x00000000d5980000,0x00000000d59e0000,0x00000000d5a00000)
  to   space 512K, 0% used [0x00000000d5900000,0x00000000d5900000,0x00000000d5980000)
 ParOldGen       total 1245184K, used 998220K [0x0000000080000000, 0x00000000cc000000, 0x00000000d5580000)
  object space 1245184K, 80% used [0x0000000080000000,0x00000000bced3248,0x00000000cc000000)
 Metaspace       used 88927K, committed 90752K, reserved 1179648K
  class space    used 11031K, committed 11840K, reserved 1048576K
}
Event: 260.903 GC heap before
{Heap before GC invocations=2597 (full 4):
 PSYoungGen      total 3584K, used 3456K [0x00000000d5580000, 0x00000000d5a00000, 0x0000000100000000)
  eden space 3072K, 100% used [0x00000000d5580000,0x00000000d5880000,0x00000000d5880000)
  from space 512K, 75% used [0x00000000d5980000,0x00000000d59e0000,0x00000000d5a00000)
  to   space 512K, 0% used [0x00000000d5900000,0x00000000d5900000,0x00000000d5980000)
 ParOldGen       total 1245184K, used 998220K [0x0000000080000000, 0x00000000cc000000, 0x00000000d5580000)
  object space 1245184K, 80% used [0x0000000080000000,0x00000000bced3248,0x00000000cc000000)
 Metaspace       used 88943K, committed 90752K, reserved 1179648K
  class space    used 11031K, committed 11840K, reserved 1048576K
}
Event: 260.905 GC heap after
{Heap after GC invocations=2597 (full 4):
 PSYoungGen      total 3584K, used 304K [0x00000000d5580000, 0x00000000d5a00000, 0x0000000100000000)
  eden space 3072K, 0% used [0x00000000d5580000,0x00000000d5580000,0x00000000d5880000)
  from space 512K, 59% used [0x00000000d5900000,0x00000000d594c010,0x00000000d5980000)
  to   space 512K, 0% used [0x00000000d5980000,0x00000000d5980000,0x00000000d5a00000)
 ParOldGen       total 1245184K, used 998284K [0x0000000080000000, 0x00000000cc000000, 0x00000000d5580000)
  object space 1245184K, 80% used [0x0000000080000000,0x00000000bcee3248,0x00000000cc000000)
 Metaspace       used 88943K, committed 90752K, reserved 1179648K
  class space    used 11031K, committed 11840K, reserved 1048576K
}
Event: 261.926 GC heap before
{Heap before GC invocations=2598 (full 4):
 PSYoungGen      total 3584K, used 3376K [0x00000000d5580000, 0x00000000d5a00000, 0x0000000100000000)
  eden space 3072K, 100% used [0x00000000d5580000,0x00000000d5880000,0x00000000d5880000)
  from space 512K, 59% used [0x00000000d5900000,0x00000000d594c010,0x00000000d5980000)
  to   space 512K, 0% used [0x00000000d5980000,0x00000000d5980000,0x00000000d5a00000)
 ParOldGen       total 1245184K, used 998284K [0x0000000080000000, 0x00000000cc000000, 0x00000000d5580000)
  object space 1245184K, 80% used [0x0000000080000000,0x00000000bcee3248,0x00000000cc000000)
 Metaspace       used 88952K, committed 90752K, reserved 1179648K
  class space    used 11032K, committed 11840K, reserved 1048576K
}
Event: 261.928 GC heap after
{Heap after GC invocations=2598 (full 4):
 PSYoungGen      total 3584K, used 288K [0x00000000d5580000, 0x00000000d5a00000, 0x0000000100000000)
  eden space 3072K, 0% used [0x00000000d5580000,0x00000000d5580000,0x00000000d5880000)
  from space 512K, 56% used [0x00000000d5980000,0x00000000d59c8000,0x00000000d5a00000)
  to   space 512K, 0% used [0x00000000d5900000,0x00000000d5900000,0x00000000d5980000)
 ParOldGen       total 1245184K, used 998340K [0x0000000080000000, 0x00000000cc000000, 0x00000000d5580000)
  object space 1245184K, 80% used [0x0000000080000000,0x00000000bcef1248,0x00000000cc000000)
 Metaspace       used 88952K, committed 90752K, reserved 1179648K
  class space    used 11032K, committed 11840K, reserved 1048576K
}
Event: 263.659 GC heap before
{Heap before GC invocations=2599 (full 4):
 PSYoungGen      total 3584K, used 3360K [0x00000000d5580000, 0x00000000d5a00000, 0x0000000100000000)
  eden space 3072K, 100% used [0x00000000d5580000,0x00000000d5880000,0x00000000d5880000)
  from space 512K, 56% used [0x00000000d5980000,0x00000000d59c8000,0x00000000d5a00000)
  to   space 512K, 0% used [0x00000000d5900000,0x00000000d5900000,0x00000000d5980000)
 ParOldGen       total 1245184K, used 998340K [0x0000000080000000, 0x00000000cc000000, 0x00000000d5580000)
  object space 1245184K, 80% used [0x0000000080000000,0x00000000bcef1248,0x00000000cc000000)
 Metaspace       used 88957K, committed 90752K, reserved 1179648K
  class space    used 11032K, committed 11840K, reserved 1048576K
}
Event: 263.661 GC heap after
{Heap after GC invocations=2599 (full 4):
 PSYoungGen      total 3584K, used 272K [0x00000000d5580000, 0x00000000d5a00000, 0x0000000100000000)
  eden space 3072K, 0% used [0x00000000d5580000,0x00000000d5580000,0x00000000d5880000)
  from space 512K, 53% used [0x00000000d5900000,0x00000000d5944010,0x00000000d5980000)
  to   space 512K, 0% used [0x00000000d5980000,0x00000000d5980000,0x00000000d5a00000)
 ParOldGen       total 1245184K, used 998404K [0x0000000080000000, 0x00000000cc000000, 0x00000000d5580000)
  object space 1245184K, 80% used [0x0000000080000000,0x00000000bcf01248,0x00000000cc000000)
 Metaspace       used 88957K, committed 90752K, reserved 1179648K
  class space    used 11032K, committed 11840K, reserved 1048576K
}

