# JRE version: OpenJDK Runtime Environment Temurin-17.0.19+10 (17.0.19+10) (build 17.0.19+10)
# Java VM: OpenJDK 64-Bit Server VM Temurin-17.0.19+10 (17.0.19+10, mixed mode, sharing, tiered, compressed oops, compressed class ptrs, g1 gc, windows-amd64)
GC Precious Log:
 CPUs: 12 total, 12 available
 Memory: 15973M
 Large Page Support: Disabled
 NUMA Support: Disabled
 Compressed Oops: Enabled (32-bit)
 Heap Region Size: 1M
 Heap Min Capacity: 8M
 Heap Initial Capacity: 250M
 Heap Max Capacity: 2G
 Pre-touch: Disabled
 Parallel Workers: 10
 Concurrent Workers: 3
 Concurrent Refinement Workers: 10
 Periodic GC: Disabled
Heap:
 garbage-first heap   total 103424K, used 63834K [0x0000000080000000, 0x0000000100000000)
  region size 1024K, 25 young (25600K), 5 survivors (5120K)
 Metaspace       used 54947K, committed 55552K, reserved 491520K
  class space    used 7716K, committed 8000K, reserved 425984K
GC Heap History (20 events):
Event: 5.029 GC heap before
{Heap before GC invocations=5 (full 0):
 garbage-first heap   total 86016K, used 63084K [0x0000000080000000, 0x0000000100000000)
  region size 1024K, 50 young (51200K), 12 survivors (12288K)
 Metaspace       used 26163K, committed 26496K, reserved 491520K
  class space    used 3877K, committed 4032K, reserved 425984K
}
Event: 5.037 GC heap after
{Heap after GC invocations=6 (full 0):
 garbage-first heap   total 86016K, used 26488K [0x0000000080000000, 0x0000000100000000)
  region size 1024K, 3 young (3072K), 3 survivors (3072K)
 Metaspace       used 26163K, committed 26496K, reserved 491520K
  class space    used 3877K, committed 4032K, reserved 425984K
}
Event: 5.716 GC heap before
{Heap before GC invocations=6 (full 0):
 garbage-first heap   total 86016K, used 60280K [0x0000000080000000, 0x0000000100000000)
  region size 1024K, 37 young (37888K), 3 survivors (3072K)
 Metaspace       used 32125K, committed 32448K, reserved 491520K
  class space    used 4517K, committed 4672K, reserved 425984K
}
Event: 5.720 GC heap after
{Heap after GC invocations=7 (full 0):
 garbage-first heap   total 86016K, used 29413K [0x0000000080000000, 0x0000000100000000)
  region size 1024K, 5 young (5120K), 5 survivors (5120K)
 Metaspace       used 32125K, committed 32448K, reserved 491520K
  class space    used 4517K, committed 4672K, reserved 425984K
}
Event: 6.341 GC heap before
{Heap before GC invocations=7 (full 0):
 garbage-first heap   total 86016K, used 67301K [0x0000000080000000, 0x0000000100000000)
  region size 1024K, 38 young (38912K), 5 survivors (5120K)
 Metaspace       used 34765K, committed 35200K, reserved 491520K
  class space    used 4808K, committed 4992K, reserved 425984K
}
Event: 6.347 GC heap after
{Heap after GC invocations=8 (full 0):
 garbage-first heap   total 86016K, used 32536K [0x0000000080000000, 0x0000000100000000)
  region size 1024K, 4 young (4096K), 4 survivors (4096K)
 Metaspace       used 34765K, committed 35200K, reserved 491520K
  class space    used 4808K, committed 4992K, reserved 425984K
}
Event: 6.544 GC heap before
{Heap before GC invocations=8 (full 0):
 garbage-first heap   total 86016K, used 40728K [0x0000000080000000, 0x0000000100000000)
  region size 1024K, 13 young (13312K), 4 survivors (4096K)
 Metaspace       used 35613K, committed 35968K, reserved 491520K
  class space    used 4903K, committed 5056K, reserved 425984K
}
Event: 6.548 GC heap after
{Heap after GC invocations=9 (full 0):
 garbage-first heap   total 86016K, used 33892K [0x0000000080000000, 0x0000000100000000)
  region size 1024K, 2 young (2048K), 2 survivors (2048K)
 Metaspace       used 35613K, committed 35968K, reserved 491520K
  class space    used 4903K, committed 5056K, reserved 425984K
}
Event: 7.486 GC heap before
{Heap before GC invocations=10 (full 0):
 garbage-first heap   total 86016K, used 63588K [0x0000000080000000, 0x0000000100000000)
  region size 1024K, 32 young (32768K), 2 survivors (2048K)
 Metaspace       used 38669K, committed 39104K, reserved 491520K
  class space    used 5400K, committed 5568K, reserved 425984K
}
Event: 7.488 GC heap after
{Heap after GC invocations=11 (full 0):
 garbage-first heap   total 103424K, used 35095K [0x0000000080000000, 0x0000000100000000)
  region size 1024K, 3 young (3072K), 3 survivors (3072K)
 Metaspace       used 38669K, committed 39104K, reserved 491520K
  class space    used 5400K, committed 5568K, reserved 425984K
}
Event: 7.897 GC heap before
{Heap before GC invocations=11 (full 0):
 garbage-first heap   total 103424K, used 79127K [0x0000000080000000, 0x0000000100000000)
  region size 1024K, 45 young (46080K), 3 survivors (3072K)
 Metaspace       used 40800K, committed 41344K, reserved 491520K
  class space    used 5600K, committed 5824K, reserved 425984K
}
Event: 7.900 GC heap after
{Heap after GC invocations=12 (full 0):
 garbage-first heap   total 103424K, used 36702K [0x0000000080000000, 0x0000000100000000)
  region size 1024K, 5 young (5120K), 5 survivors (5120K)
 Metaspace       used 40800K, committed 41344K, reserved 491520K
  class space    used 5600K, committed 5824K, reserved 425984K
}
Event: 8.621 GC heap before
{Heap before GC invocations=12 (full 0):
 garbage-first heap   total 103424K, used 78686K [0x0000000080000000, 0x0000000100000000)
  region size 1024K, 46 young (47104K), 5 survivors (5120K)
 Metaspace       used 44950K, committed 45504K, reserved 491520K
  class space    used 6271K, committed 6528K, reserved 425984K
}
Event: 8.625 GC heap after
{Heap after GC invocations=13 (full 0):
 garbage-first heap   total 103424K, used 38278K [0x0000000080000000, 0x0000000100000000)
  region size 1024K, 5 young (5120K), 5 survivors (5120K)
 Metaspace       used 44950K, committed 45504K, reserved 491520K
  class space    used 6271K, committed 6528K, reserved 425984K
}
Event: 9.225 GC heap before
{Heap before GC invocations=13 (full 0):
 garbage-first heap   total 103424K, used 81286K [0x0000000080000000, 0x0000000100000000)
  region size 1024K, 47 young (48128K), 5 survivors (5120K)
 Metaspace       used 49423K, committed 50048K, reserved 491520K
  class space    used 6914K, committed 7232K, reserved 425984K
}
Event: 9.230 GC heap after
{Heap after GC invocations=14 (full 0):
 garbage-first heap   total 103424K, used 40630K [0x0000000080000000, 0x0000000100000000)
  region size 1024K, 6 young (6144K), 6 survivors (6144K)
 Metaspace       used 49423K, committed 50048K, reserved 491520K
  class space    used 6914K, committed 7232K, reserved 425984K
}
Event: 9.635 GC heap before
{Heap before GC invocations=14 (full 0):
 garbage-first heap   total 103424K, used 81590K [0x0000000080000000, 0x0000000100000000)
  region size 1024K, 46 young (47104K), 6 survivors (6144K)
 Metaspace       used 51577K, committed 52224K, reserved 491520K
  class space    used 7209K, committed 7488K, reserved 425984K
}
Event: 9.640 GC heap after
{Heap after GC invocations=15 (full 0):
 garbage-first heap   total 103424K, used 42315K [0x0000000080000000, 0x0000000100000000)
  region size 1024K, 5 young (5120K), 5 survivors (5120K)
 Metaspace       used 51577K, committed 52224K, reserved 491520K
  class space    used 7209K, committed 7488K, reserved 425984K
}
Event: 10.533 GC heap before
{Heap before GC invocations=15 (full 0):
 garbage-first heap   total 103424K, used 81227K [0x0000000080000000, 0x0000000100000000)
  region size 1024K, 44 young (45056K), 5 survivors (5120K)
 Metaspace       used 54650K, committed 55296K, reserved 491520K
  class space    used 7714K, committed 8000K, reserved 425984K
}
Event: 10.538 GC heap after
{Heap after GC invocations=16 (full 0):
 garbage-first heap   total 103424K, used 45402K [0x0000000080000000, 0x0000000100000000)
  region size 1024K, 5 young (5120K), 5 survivors (5120K)
 Metaspace       used 54650K, committed 55296K, reserved 491520K
  class space    used 7714K, committed 8000K, reserved 425984K
}

