# JRE version: OpenJDK Runtime Environment Temurin-17.0.19+10 (17.0.19+10) (build 17.0.19+10)
# Java VM: OpenJDK 64-Bit Server VM Temurin-17.0.19+10 (17.0.19+10, mixed mode, sharing, tiered, compressed oops, compressed class ptrs, g1 gc, windows-amd64)
GC Precious Log:
 CPUs: 12 total, 12 available
 Memory: 15973M
 Large Page Support: Disabled
 NUMA Support: Disabled
 Compressed Oops: Enabled (32-bit)
 Heap Region Size: 1M
 Heap Min Capacity: 8M
 Heap Initial Capacity: 250M
 Heap Max Capacity: 2G
 Pre-touch: Disabled
 Parallel Workers: 10
 Concurrent Workers: 3
 Concurrent Refinement Workers: 10
 Periodic GC: Disabled
Heap:
 garbage-first heap   total 104448K, used 58779K [0x0000000080000000, 0x0000000100000000)
  region size 1024K, 10 young (10240K), 4 survivors (4096K)
 Metaspace       used 43674K, committed 44224K, reserved 491520K
  class space    used 5881K, committed 6144K, reserved 425984K
GC Heap History (20 events):
Event: 8.550 GC heap before
{Heap before GC invocations=8 (full 0):
 garbage-first heap   total 86016K, used 64107K [0x0000000080000000, 0x0000000100000000)
  region size 1024K, 37 young (37888K), 4 survivors (4096K)
 Metaspace       used 35642K, committed 35968K, reserved 491520K
  class space    used 5090K, committed 5248K, reserved 425984K
}
Event: 8.554 GC heap after
{Heap after GC invocations=9 (full 0):
 garbage-first heap   total 86016K, used 33207K [0x0000000080000000, 0x0000000100000000)
  region size 1024K, 5 young (5120K), 5 survivors (5120K)
 Metaspace       used 35642K, committed 35968K, reserved 491520K
  class space    used 5090K, committed 5248K, reserved 425984K
}
Event: 12.346 GC heap before
{Heap before GC invocations=10 (full 0):
 garbage-first heap   total 86016K, used 65975K [0x0000000080000000, 0x0000000100000000)
  region size 1024K, 37 young (37888K), 5 survivors (5120K)
 Metaspace       used 40843K, committed 41344K, reserved 491520K
  class space    used 5696K, committed 5952K, reserved 425984K
}
Event: 12.350 GC heap after
{Heap after GC invocations=11 (full 0):
 garbage-first heap   total 86016K, used 36415K [0x0000000080000000, 0x0000000100000000)
  region size 1024K, 5 young (5120K), 5 survivors (5120K)
 Metaspace       used 40843K, committed 41344K, reserved 491520K
  class space    used 5696K, committed 5952K, reserved 425984K
}
Event: 12.742 GC heap before
{Heap before GC invocations=11 (full 0):
 garbage-first heap   total 86016K, used 72255K [0x0000000080000000, 0x0000000100000000)
  region size 1024K, 35 young (35840K), 5 survivors (5120K)
 Metaspace       used 42210K, committed 42688K, reserved 491520K
  class space    used 5803K, committed 6016K, reserved 425984K
}
Event: 12.747 GC heap after
{Heap after GC invocations=12 (full 0):
 garbage-first heap   total 86016K, used 39992K [0x0000000080000000, 0x0000000100000000)
  region size 1024K, 4 young (4096K), 4 survivors (4096K)
 Metaspace       used 42210K, committed 42688K, reserved 491520K
  class space    used 5803K, committed 6016K, reserved 425984K
}
Event: 12.816 GC heap before
{Heap before GC invocations=12 (full 0):
 garbage-first heap   total 86016K, used 67640K [0x0000000080000000, 0x0000000100000000)
  region size 1024K, 31 young (31744K), 4 survivors (4096K)
 Metaspace       used 42211K, committed 42688K, reserved 491520K
  class space    used 5803K, committed 6016K, reserved 425984K
}
Event: 12.820 GC heap after
{Heap after GC invocations=13 (full 0):
 garbage-first heap   total 86016K, used 41241K [0x0000000080000000, 0x0000000100000000)
  region size 1024K, 3 young (3072K), 3 survivors (3072K)
 Metaspace       used 42211K, committed 42688K, reserved 491520K
  class space    used 5803K, committed 6016K, reserved 425984K
}
Event: 12.875 GC heap before
{Heap before GC invocations=13 (full 0):
 garbage-first heap   total 86016K, used 68889K [0x0000000080000000, 0x0000000100000000)
  region size 1024K, 30 young (30720K), 3 survivors (3072K)
 Metaspace       used 42213K, committed 42688K, reserved 491520K
  class space    used 5803K, committed 6016K, reserved 425984K
}
Event: 12.878 GC heap after
{Heap after GC invocations=14 (full 0):
 garbage-first heap   total 104448K, used 42609K [0x0000000080000000, 0x0000000100000000)
  region size 1024K, 2 young (2048K), 2 survivors (2048K)
 Metaspace       used 42213K, committed 42688K, reserved 491520K
  class space    used 5803K, committed 6016K, reserved 425984K
}
Event: 13.101 GC heap before
{Heap before GC invocations=15 (full 0):
 garbage-first heap   total 104448K, used 82545K [0x0000000080000000, 0x0000000100000000)
  region size 1024K, 41 young (41984K), 2 survivors (2048K)
 Metaspace       used 42199K, committed 42688K, reserved 491520K
  class space    used 5799K, committed 6016K, reserved 425984K
}
Event: 13.104 GC heap after
{Heap after GC invocations=16 (full 0):
 garbage-first heap   total 104448K, used 44623K [0x0000000080000000, 0x0000000100000000)
  region size 1024K, 4 young (4096K), 4 survivors (4096K)
 Metaspace       used 42199K, committed 42688K, reserved 491520K
  class space    used 5799K, committed 6016K, reserved 425984K
}
Event: 13.497 GC heap before
{Heap before GC invocations=16 (full 0):
 garbage-first heap   total 104448K, used 83535K [0x0000000080000000, 0x0000000100000000)
  region size 1024K, 42 young (43008K), 4 survivors (4096K)
 Metaspace       used 42515K, committed 43008K, reserved 491520K
  class space    used 5823K, committed 6080K, reserved 425984K
}
Event: 13.501 GC heap after
{Heap after GC invocations=17 (full 0):
 garbage-first heap   total 104448K, used 46416K [0x0000000080000000, 0x0000000100000000)
  region size 1024K, 5 young (5120K), 5 survivors (5120K)
 Metaspace       used 42515K, committed 43008K, reserved 491520K
  class space    used 5823K, committed 6080K, reserved 425984K
}
Event: 17.824 GC heap before
{Heap before GC invocations=17 (full 0):
 garbage-first heap   total 104448K, used 84304K [0x0000000080000000, 0x0000000100000000)
  region size 1024K, 42 young (43008K), 5 survivors (5120K)
 Metaspace       used 42928K, committed 43392K, reserved 491520K
  class space    used 5846K, committed 6080K, reserved 425984K
}
Event: 17.830 GC heap after
{Heap after GC invocations=18 (full 0):
 garbage-first heap   total 104448K, used 49771K [0x0000000080000000, 0x0000000100000000)
  region size 1024K, 6 young (6144K), 6 survivors (6144K)
 Metaspace       used 42928K, committed 43392K, reserved 491520K
  class space    used 5846K, committed 6080K, reserved 425984K
}
Event: 17.902 GC heap before
{Heap before GC invocations=18 (full 0):
 garbage-first heap   total 104448K, used 84587K [0x0000000080000000, 0x0000000100000000)
  region size 1024K, 39 young (39936K), 6 survivors (6144K)
 Metaspace       used 42932K, committed 43392K, reserved 491520K
  class space    used 5846K, committed 6080K, reserved 425984K
}
Event: 17.907 GC heap after
{Heap after GC invocations=19 (full 0):
 garbage-first heap   total 104448K, used 52757K [0x0000000080000000, 0x0000000100000000)
  region size 1024K, 3 young (3072K), 3 survivors (3072K)
 Metaspace       used 42932K, committed 43392K, reserved 491520K
  class space    used 5846K, committed 6080K, reserved 425984K
}
Event: 18.388 GC heap before
{Heap before GC invocations=19 (full 0):
 garbage-first heap   total 104448K, used 85525K [0x0000000080000000, 0x0000000100000000)
  region size 1024K, 35 young (35840K), 3 survivors (3072K)
 Metaspace       used 43581K, committed 44096K, reserved 491520K
  class space    used 5884K, committed 6144K, reserved 425984K
}
Event: 18.391 GC heap after
{Heap after GC invocations=20 (full 0):
 garbage-first heap   total 104448K, used 53659K [0x0000000080000000, 0x0000000100000000)
  region size 1024K, 4 young (4096K), 4 survivors (4096K)
 Metaspace       used 43581K, committed 44096K, reserved 491520K
  class space    used 5884K, committed 6144K, reserved 425984K
}

