# JRE version: OpenJDK Runtime Environment Temurin-17.0.19+10 (17.0.19+10) (build 17.0.19+10)
# Java VM: OpenJDK 64-Bit Server VM Temurin-17.0.19+10 (17.0.19+10, mixed mode, sharing, tiered, compressed oops, compressed class ptrs, g1 gc, windows-amd64)
GC Precious Log:
 CPUs: 12 total, 12 available
 Memory: 15973M
 Large Page Support: Disabled
 NUMA Support: Disabled
 Compressed Oops: Enabled (32-bit)
 Heap Region Size: 1M
 Heap Min Capacity: 8M
 Heap Initial Capacity: 250M
 Heap Max Capacity: 2G
 Pre-touch: Disabled
 Parallel Workers: 10
 Concurrent Workers: 3
 Concurrent Refinement Workers: 10
 Periodic GC: Disabled
Heap:
 garbage-first heap   total 149504K, used 66146K [0x0000000080000000, 0x0000000100000000)
  region size 1024K, 3 young (3072K), 1 survivors (1024K)
 Metaspace       used 66361K, committed 67200K, reserved 491520K
  class space    used 9310K, committed 9728K, reserved 425984K
GC Heap History (20 events):
Event: 14.830 GC heap before
{Heap before GC invocations=15 (full 0):
 garbage-first heap   total 103424K, used 82988K [0x0000000080000000, 0x0000000100000000)
  region size 1024K, 41 young (41984K), 5 survivors (5120K)
 Metaspace       used 53160K, committed 53888K, reserved 491520K
  class space    used 7397K, committed 7680K, reserved 425984K
}
Event: 14.835 GC heap after
{Heap after GC invocations=16 (full 0):
 garbage-first heap   total 103424K, used 47421K [0x0000000080000000, 0x0000000100000000)
  region size 1024K, 4 young (4096K), 4 survivors (4096K)
 Metaspace       used 53160K, committed 53888K, reserved 491520K
  class space    used 7397K, committed 7680K, reserved 425984K
}
Event: 15.419 GC heap before
{Heap before GC invocations=16 (full 0):
 garbage-first heap   total 103424K, used 83261K [0x0000000080000000, 0x0000000100000000)
  region size 1024K, 39 young (39936K), 4 survivors (4096K)
 Metaspace       used 55673K, committed 56384K, reserved 491520K
  class space    used 7781K, committed 8064K, reserved 425984K
}
Event: 15.426 GC heap after
{Heap after GC invocations=17 (full 0):
 garbage-first heap   total 103424K, used 49531K [0x0000000080000000, 0x0000000100000000)
  region size 1024K, 4 young (4096K), 4 survivors (4096K)
 Metaspace       used 55673K, committed 56384K, reserved 491520K
  class space    used 7781K, committed 8064K, reserved 425984K
}
Event: 16.286 GC heap before
{Heap before GC invocations=17 (full 0):
 garbage-first heap   total 103424K, used 83323K [0x0000000080000000, 0x0000000100000000)
  region size 1024K, 37 young (37888K), 4 survivors (4096K)
 Metaspace       used 57906K, committed 58688K, reserved 491520K
  class space    used 8128K, committed 8448K, reserved 425984K
}
Event: 16.290 GC heap after
{Heap after GC invocations=18 (full 0):
 garbage-first heap   total 103424K, used 51328K [0x0000000080000000, 0x0000000100000000)
  region size 1024K, 5 young (5120K), 5 survivors (5120K)
 Metaspace       used 57906K, committed 58688K, reserved 491520K
  class space    used 8128K, committed 8448K, reserved 425984K
}
Event: 17.146 GC heap before
{Heap before GC invocations=19 (full 0):
 garbage-first heap   total 103424K, used 84096K [0x0000000080000000, 0x0000000100000000)
  region size 1024K, 37 young (37888K), 5 survivors (5120K)
 Metaspace       used 58917K, committed 59712K, reserved 491520K
  class space    used 8246K, committed 8576K, reserved 425984K
}
Event: 17.152 GC heap after
{Heap after GC invocations=20 (full 0):
 garbage-first heap   total 103424K, used 54998K [0x0000000080000000, 0x0000000100000000)
  region size 1024K, 5 young (5120K), 5 survivors (5120K)
 Metaspace       used 58917K, committed 59712K, reserved 491520K
  class space    used 8246K, committed 8576K, reserved 425984K
}
Event: 17.244 GC heap before
{Heap before GC invocations=20 (full 0):
 garbage-first heap   total 103424K, used 57046K [0x0000000080000000, 0x0000000100000000)
  region size 1024K, 8 young (8192K), 5 survivors (5120K)
 Metaspace       used 58938K, committed 59712K, reserved 491520K
  class space    used 8246K, committed 8576K, reserved 425984K
}
Event: 17.248 GC heap after
{Heap after GC invocations=21 (full 0):
 garbage-first heap   total 103424K, used 55841K [0x0000000080000000, 0x0000000100000000)
  region size 1024K, 2 young (2048K), 2 survivors (2048K)
 Metaspace       used 58938K, committed 59712K, reserved 491520K
  class space    used 8246K, committed 8576K, reserved 425984K
}
Event: 17.905 GC heap before
{Heap before GC invocations=22 (full 0):
 garbage-first heap   total 103424K, used 86561K [0x0000000080000000, 0x0000000100000000)
  region size 1024K, 26 young (26624K), 2 survivors (2048K)
 Metaspace       used 61326K, committed 62080K, reserved 491520K
  class space    used 8556K, committed 8896K, reserved 425984K
}
Event: 17.908 GC heap after
{Heap after GC invocations=23 (full 0):
 garbage-first heap   total 103424K, used 64070K [0x0000000080000000, 0x0000000100000000)
  region size 1024K, 4 young (4096K), 4 survivors (4096K)
 Metaspace       used 61326K, committed 62080K, reserved 491520K
  class space    used 8556K, committed 8896K, reserved 425984K
}
Event: 17.925 GC heap before
{Heap before GC invocations=23 (full 0):
 garbage-first heap   total 103424K, used 65094K [0x0000000080000000, 0x0000000100000000)
  region size 1024K, 5 young (5120K), 4 survivors (4096K)
 Metaspace       used 61390K, committed 62144K, reserved 491520K
  class space    used 8562K, committed 8896K, reserved 425984K
}
Event: 17.928 GC heap after
{Heap after GC invocations=24 (full 0):
 garbage-first heap   total 103424K, used 63587K [0x0000000080000000, 0x0000000100000000)
  region size 1024K, 1 young (1024K), 1 survivors (1024K)
 Metaspace       used 61390K, committed 62144K, reserved 491520K
  class space    used 8562K, committed 8896K, reserved 425984K
}
Event: 18.194 GC heap before
{Heap before GC invocations=24 (full 0):
 garbage-first heap   total 103424K, used 83043K [0x0000000080000000, 0x0000000100000000)
  region size 1024K, 20 young (20480K), 1 survivors (1024K)
 Metaspace       used 62566K, committed 63360K, reserved 491520K
  class space    used 8739K, committed 9088K, reserved 425984K
}
Event: 18.197 GC heap after
{Heap after GC invocations=25 (full 0):
 garbage-first heap   total 149504K, used 64061K [0x0000000080000000, 0x0000000100000000)
  region size 1024K, 1 young (1024K), 1 survivors (1024K)
 Metaspace       used 62566K, committed 63360K, reserved 491520K
  class space    used 8739K, committed 9088K, reserved 425984K
}
Event: 18.955 GC heap before
{Heap before GC invocations=26 (full 0):
 garbage-first heap   total 149504K, used 108093K [0x0000000080000000, 0x0000000100000000)
  region size 1024K, 44 young (45056K), 1 survivors (1024K)
 Metaspace       used 65877K, committed 66688K, reserved 491520K
  class space    used 9228K, committed 9600K, reserved 425984K
}
Event: 18.957 GC heap after
{Heap after GC invocations=27 (full 0):
 garbage-first heap   total 149504K, used 65419K [0x0000000080000000, 0x0000000100000000)
  region size 1024K, 3 young (3072K), 3 survivors (3072K)
 Metaspace       used 65877K, committed 66688K, reserved 491520K
  class space    used 9228K, committed 9600K, reserved 425984K
}
Event: 19.056 GC heap before
{Heap before GC invocations=27 (full 0):
 garbage-first heap   total 149504K, used 68491K [0x0000000080000000, 0x0000000100000000)
  region size 1024K, 7 young (7168K), 3 survivors (3072K)
 Metaspace       used 66269K, committed 67200K, reserved 491520K
  class space    used 9291K, committed 9728K, reserved 425984K
}
Event: 19.058 GC heap after
{Heap after GC invocations=28 (full 0):
 garbage-first heap   total 149504K, used 65122K [0x0000000080000000, 0x0000000100000000)
  region size 1024K, 1 young (1024K), 1 survivors (1024K)
 Metaspace       used 66269K, committed 67200K, reserved 491520K
  class space    used 9291K, committed 9728K, reserved 425984K
}

